[2025-08-10 01:55:07] [INFO] Created directory: C:\xampp\htdocs\King_Kebab/logs/
[2025-08-10 01:55:07] [INFO] Database connection established successfully
[2025-08-10 01:55:07] [INFO] Starting image download process for all meals...
[2025-08-10 01:55:07] [INFO] Found 79 meals to process
[2025-08-10 01:55:07] [INFO] Processing meal: CROUSTY GOURMAND BŒUF (ID: 69)
[2025-08-10 01:55:07] [INFO] Backed up existing image: 1754783449_CROUSTY_GOURMAND_B__UF.png
[2025-08-10 01:55:07] [INFO] Searching for image: CROUSTY GOURMAND B  UF Sandwichs food meal dish cuisine
[2025-08-10 01:55:10] [INFO] Downloading image from: https://source.unsplash.com/800x600/?CROUSTY+GOURMAND+B++UF+Sandwichs+food+meal+dish+cuisine
[2025-08-10 01:55:12] [ERROR] Image download error: Failed to download image
[2025-08-10 01:55:12] [ERROR] Failed to download image for: CROUSTY GOURMAND BŒUF
[2025-08-10 01:55:12] [INFO] Processing meal: CROUSTY GOURMAND CHICKEN (ID: 70)
[2025-08-10 01:55:12] [INFO] Backed up existing image: 1754783449_CROUSTY_GOURMAND_CHICKEN.png
[2025-08-10 01:55:12] [INFO] Searching for image: CROUSTY GOURMAND CHICKEN Sandwichs food meal dish cuisine
[2025-08-10 01:55:15] [INFO] Downloading image from: https://source.unsplash.com/800x600/?CROUSTY+GOURMAND+CHICKEN+Sandwichs+food+meal+dish+cuisine
[2025-08-10 01:55:16] [ERROR] Image download error: Failed to download image
[2025-08-10 01:55:16] [ERROR] Failed to download image for: CROUSTY GOURMAND CHICKEN
[2025-08-10 01:55:16] [INFO] Processing meal: DOUBLE CHEEZ BURGER (ID: 71)
[2025-08-10 01:55:16] [INFO] Backed up existing image: 1754783449_DOUBLE_CHEEZ_BURGER.png
[2025-08-10 01:55:16] [INFO] Searching for image: DOUBLE CHEEZ BURGER Sandwichs food meal dish cuisine
[2025-08-10 01:55:19] [INFO] Downloading image from: https://source.unsplash.com/800x600/?DOUBLE+CHEEZ+BURGER+Sandwichs+food+meal+dish+cuisine
[2025-08-10 01:55:20] [ERROR] Image download error: Failed to download image
[2025-08-10 01:55:20] [ERROR] Failed to download image for: DOUBLE CHEEZ BURGER
[2025-08-10 01:55:20] [INFO] Processing meal: Cheese Burger (ID: 72)
[2025-08-10 01:55:20] [INFO] Backed up existing image: 1754783449_Cheese_Burger.png
[2025-08-10 01:55:20] [INFO] Searching for image: Cheese Burger Sandwichs food meal dish cuisine
[2025-08-10 01:55:24] [INFO] Downloading image from: https://source.unsplash.com/800x600/?Cheese+Burger+Sandwichs+food+meal+dish+cuisine
[2025-08-10 01:55:25] [ERROR] Image download error: Failed to download image
[2025-08-10 01:55:25] [ERROR] Failed to download image for: Cheese Burger
[2025-08-10 01:55:25] [INFO] Processing meal: Maxi Galette Kebab (ID: 73)
[2025-08-10 01:55:25] [INFO] Backed up existing image: 1754783449_Maxi_Galette_Kebab.png
[2025-08-10 01:55:25] [INFO] Searching for image: Maxi Galette Kebab Sandwichs food meal dish cuisine
[2025-08-10 01:55:28] [INFO] Downloading image from: https://source.unsplash.com/800x600/?Maxi+Galette+Kebab+Sandwichs+food+meal+dish+cuisine
[2025-08-10 01:55:29] [ERROR] Image download error: Failed to download image
[2025-08-10 01:55:29] [ERROR] Failed to download image for: Maxi Galette Kebab
[2025-08-10 01:55:29] [INFO] Processing meal: Chicken Burger (ID: 74)
[2025-08-10 01:55:29] [INFO] Backed up existing image: 1754783450_Chicken_Burger.png
[2025-08-10 01:55:29] [INFO] Searching for image: Chicken Burger Sandwichs food meal dish cuisine
[2025-08-10 01:55:32] [INFO] Downloading image from: https://source.unsplash.com/800x600/?Chicken+Burger+Sandwichs+food+meal+dish+cuisine
[2025-08-10 01:55:33] [ERROR] Image download error: Failed to download image
[2025-08-10 01:55:33] [ERROR] Failed to download image for: Chicken Burger
[2025-08-10 01:55:33] [INFO] Processing meal: Galette Kebab (ID: 75)
[2025-08-10 01:55:33] [INFO] Backed up existing image: 1754783450_Galette_Kebab.png
[2025-08-10 01:55:33] [INFO] Searching for image: Galette Kebab Sandwichs food meal dish cuisine
[2025-08-10 01:55:36] [INFO] Downloading image from: https://source.unsplash.com/800x600/?Galette+Kebab+Sandwichs+food+meal+dish+cuisine
[2025-08-10 01:55:38] [ERROR] Image download error: Failed to download image
[2025-08-10 01:55:38] [ERROR] Failed to download image for: Galette Kebab
[2025-08-10 01:55:38] [INFO] Processing meal: Maxi Cheese Burger (ID: 76)
[2025-08-10 01:55:38] [INFO] Backed up existing image: 1754783450_Maxi_Cheese_Burger.png
[2025-08-10 01:55:38] [INFO] Searching for image: Maxi Cheese Burger Sandwichs food meal dish cuisine
[2025-08-10 01:55:41] [INFO] Downloading image from: https://source.unsplash.com/800x600/?Maxi+Cheese+Burger+Sandwichs+food+meal+dish+cuisine
[2025-08-10 01:55:42] [ERROR] Image download error: Failed to download image
[2025-08-10 01:55:42] [ERROR] Failed to download image for: Maxi Cheese Burger
[2025-08-10 01:55:42] [INFO] Processing meal: Maxi Tacos 999g (ID: 77)
[2025-08-10 01:55:42] [INFO] Backed up existing image: 1754783450_Maxi_Tacos_999g.png
[2025-08-10 01:55:42] [INFO] Searching for image: Maxi Tacos 999g Sandwichs food meal dish cuisine
[2025-08-10 01:55:45] [INFO] Downloading image from: https://source.unsplash.com/800x600/?Maxi+Tacos+999g+Sandwichs+food+meal+dish+cuisine
[2025-08-10 01:55:46] [ERROR] Image download error: Failed to download image
[2025-08-10 01:55:46] [ERROR] Failed to download image for: Maxi Tacos 999g
[2025-08-10 01:55:46] [INFO] Processing meal: Sandwich Américain (ID: 78)
[2025-08-10 01:55:46] [INFO] Backed up existing image: 1754783450_Sandwich_Am__ricain.png
[2025-08-10 01:55:46] [INFO] Searching for image: Sandwich Am  ricain Sandwichs food meal dish cuisine
[2025-08-10 01:55:49] [INFO] Downloading image from: https://source.unsplash.com/800x600/?Sandwich+Am++ricain+Sandwichs+food+meal+dish+cuisine
[2025-08-10 01:55:50] [ERROR] Image download error: Failed to download image
[2025-08-10 01:55:50] [ERROR] Failed to download image for: Sandwich Américain
[2025-08-10 01:55:50] [INFO] Processing meal: Sandwich KEBAB (ID: 79)
[2025-08-10 01:55:50] [INFO] Backed up existing image: 1754783450_Sandwich_KEBAB.png
[2025-08-10 01:55:50] [INFO] Searching for image: Sandwich KEBAB Sandwichs food meal dish cuisine
[2025-08-10 01:55:53] [INFO] Downloading image from: https://source.unsplash.com/800x600/?Sandwich+KEBAB+Sandwichs+food+meal+dish+cuisine
[2025-08-10 01:55:54] [ERROR] Image download error: Failed to download image
[2025-08-10 01:55:54] [ERROR] Failed to download image for: Sandwich KEBAB
[2025-08-10 01:55:54] [INFO] Processing meal: Sandwich Kofte (ID: 80)
[2025-08-10 01:55:54] [INFO] Backed up existing image: 1754783450_Sandwich_Kofte.png
[2025-08-10 01:55:54] [INFO] Searching for image: Sandwich Kofte Sandwichs food meal dish cuisine
[2025-08-10 01:55:57] [INFO] Downloading image from: https://source.unsplash.com/800x600/?Sandwich+Kofte+Sandwichs+food+meal+dish+cuisine
[2025-08-10 01:55:58] [ERROR] Image download error: Failed to download image
[2025-08-10 01:55:58] [ERROR] Failed to download image for: Sandwich Kofte
[2025-08-10 01:55:58] [INFO] Processing meal: Sandwich Maxi Kebab (ID: 81)
[2025-08-10 01:55:58] [INFO] Backed up existing image: 1754783450_Sandwich_Maxi_Kebab.png
[2025-08-10 01:55:58] [INFO] Searching for image: Sandwich Maxi Kebab Sandwichs food meal dish cuisine
[2025-08-10 01:56:01] [INFO] Downloading image from: https://source.unsplash.com/800x600/?Sandwich+Maxi+Kebab+Sandwichs+food+meal+dish+cuisine
[2025-08-10 01:56:02] [ERROR] Image download error: Failed to download image
[2025-08-10 01:56:02] [ERROR] Failed to download image for: Sandwich Maxi Kebab
[2025-08-10 01:56:02] [INFO] Processing meal: Sandwich Paninis (ID: 82)
[2025-08-10 01:56:02] [INFO] Backed up existing image: 1754783450_Sandwich_Paninis.png
[2025-08-10 01:56:02] [INFO] Searching for image: Sandwich Paninis Sandwichs food meal dish cuisine
[2025-08-10 01:56:05] [INFO] Downloading image from: https://source.unsplash.com/800x600/?Sandwich+Paninis+Sandwichs+food+meal+dish+cuisine
[2025-08-10 01:56:07] [ERROR] Image download error: Failed to download image
[2025-08-10 01:56:07] [ERROR] Failed to download image for: Sandwich Paninis
[2025-08-10 01:56:07] [INFO] Processing meal: Tacos (ID: 83)
[2025-08-10 01:56:07] [INFO] Backed up existing image: 1754783450_Tacos.png
[2025-08-10 01:56:07] [INFO] Searching for image: Tacos Sandwichs food meal dish cuisine
[2025-08-10 01:56:09] [INFO] Downloading image from: https://source.unsplash.com/800x600/?Tacos+Sandwichs+food+meal+dish+cuisine
[2025-08-10 01:56:11] [ERROR] Image download error: Failed to download image
[2025-08-10 01:56:11] [ERROR] Failed to download image for: Tacos
[2025-08-10 01:56:11] [INFO] Processing meal: Tacos Mixte (ID: 84)
[2025-08-10 01:56:11] [INFO] Backed up existing image: 1754783450_Tacos_Mixte.png
[2025-08-10 01:56:11] [INFO] Searching for image: Tacos Mixte Sandwichs food meal dish cuisine
[2025-08-10 01:56:13] [INFO] Downloading image from: https://source.unsplash.com/800x600/?Tacos+Mixte+Sandwichs+food+meal+dish+cuisine
[2025-08-10 01:56:14] [ERROR] Image download error: Failed to download image
[2025-08-10 01:56:14] [ERROR] Failed to download image for: Tacos Mixte
[2025-08-10 01:56:14] [INFO] Processing meal: MENU CROUSTY GOURMAND BŒUF (ID: 85)
[2025-08-10 01:56:14] [INFO] Backed up existing image: 1754783450_MENU_CROUSTY_GOURMAND_B__UF.png
[2025-08-10 01:56:14] [INFO] Searching for image: MENU CROUSTY GOURMAND B  UF Menus food meal dish cuisine
[2025-08-10 01:56:17] [INFO] Downloading image from: https://source.unsplash.com/800x600/?MENU+CROUSTY+GOURMAND+B++UF+Menus+food+meal+dish+cuisine
[2025-08-10 01:56:19] [ERROR] Image download error: Failed to download image
[2025-08-10 01:56:19] [ERROR] Failed to download image for: MENU CROUSTY GOURMAND BŒUF
[2025-08-10 01:56:19] [INFO] Processing meal: MENU CROUSTY GOURMAND CHICKEN (ID: 86)
[2025-08-10 01:56:19] [INFO] Backed up existing image: 1754783450_MENU_CROUSTY_GOURMAND_CHICKEN.png
[2025-08-10 01:56:19] [INFO] Searching for image: MENU CROUSTY GOURMAND CHICKEN Menus food meal dish cuisine
[2025-08-10 01:56:21] [INFO] Downloading image from: https://source.unsplash.com/800x600/?MENU+CROUSTY+GOURMAND+CHICKEN+Menus+food+meal+dish+cuisine
[2025-08-10 01:56:23] [ERROR] Image download error: Failed to download image
[2025-08-10 01:56:23] [ERROR] Failed to download image for: MENU CROUSTY GOURMAND CHICKEN
[2025-08-10 01:56:23] [INFO] Processing meal: MENU Double CHEEZ (ID: 87)
[2025-08-10 01:56:23] [INFO] Backed up existing image: 1754783450_MENU_Double_CHEEZ.png
[2025-08-10 01:56:23] [INFO] Searching for image: MENU Double CHEEZ Menus food meal dish cuisine
[2025-08-10 01:56:26] [INFO] Downloading image from: https://source.unsplash.com/800x600/?MENU+Double+CHEEZ+Menus+food+meal+dish+cuisine
[2025-08-10 01:56:27] [ERROR] Image download error: Failed to download image
[2025-08-10 01:56:27] [ERROR] Failed to download image for: MENU Double CHEEZ
[2025-08-10 01:56:27] [INFO] Processing meal: Menu Américain (ID: 88)
[2025-08-10 01:56:27] [INFO] Backed up existing image: 1754783451_Menu_Am__ricain.png
[2025-08-10 01:56:27] [INFO] Searching for image: Menu Am  ricain Menus food meal dish cuisine
[2025-08-10 01:56:31] [INFO] Downloading image from: https://source.unsplash.com/800x600/?Menu+Am++ricain+Menus+food+meal+dish+cuisine
[2025-08-10 01:56:32] [ERROR] Image download error: Failed to download image
[2025-08-10 01:56:32] [ERROR] Failed to download image for: Menu Américain
[2025-08-10 01:56:32] [INFO] Processing meal: Menu Cheese Burger (ID: 89)
[2025-08-10 01:56:32] [INFO] Backed up existing image: 1754783451_Menu_Cheese_Burger.png
[2025-08-10 01:56:32] [INFO] Searching for image: Menu Cheese Burger Menus food meal dish cuisine
[2025-08-10 01:56:34] [INFO] Downloading image from: https://source.unsplash.com/800x600/?Menu+Cheese+Burger+Menus+food+meal+dish+cuisine
[2025-08-10 01:56:36] [ERROR] Image download error: Failed to download image
[2025-08-10 01:56:36] [ERROR] Failed to download image for: Menu Cheese Burger
[2025-08-10 01:56:36] [INFO] Processing meal: Menu Chicken Burger (ID: 90)
[2025-08-10 01:56:36] [INFO] Backed up existing image: 1754783451_Menu_Chicken_Burger.png
[2025-08-10 01:56:36] [INFO] Searching for image: Menu Chicken Burger Menus food meal dish cuisine
[2025-08-10 01:56:39] [INFO] Downloading image from: https://source.unsplash.com/800x600/?Menu+Chicken+Burger+Menus+food+meal+dish+cuisine
[2025-08-10 01:56:40] [ERROR] Image download error: Failed to download image
[2025-08-10 01:56:40] [ERROR] Failed to download image for: Menu Chicken Burger
[2025-08-10 01:56:40] [INFO] Processing meal: Menu Galette Kebab (ID: 91)
[2025-08-10 01:56:40] [INFO] Backed up existing image: 1754783451_Menu_Galette_Kebab.png
[2025-08-10 01:56:40] [INFO] Searching for image: Menu Galette Kebab Menus food meal dish cuisine
[2025-08-10 01:56:43] [INFO] Downloading image from: https://source.unsplash.com/800x600/?Menu+Galette+Kebab+Menus+food+meal+dish+cuisine
[2025-08-10 01:56:45] [ERROR] Image download error: Failed to download image
[2025-08-10 01:56:45] [ERROR] Failed to download image for: Menu Galette Kebab
[2025-08-10 01:56:45] [INFO] Processing meal: Menu Kebab (ID: 92)
[2025-08-10 01:56:45] [INFO] Backed up existing image: 1754783451_Menu_Kebab.png
[2025-08-10 01:56:45] [INFO] Searching for image: Menu Kebab Menus food meal dish cuisine
[2025-08-10 01:56:48] [INFO] Downloading image from: https://source.unsplash.com/800x600/?Menu+Kebab+Menus+food+meal+dish+cuisine
[2025-08-10 01:56:49] [ERROR] Image download error: Failed to download image
[2025-08-10 01:56:49] [ERROR] Failed to download image for: Menu Kebab
[2025-08-10 01:56:49] [INFO] Processing meal: Menu Kofte (ID: 93)
[2025-08-10 01:56:49] [INFO] Backed up existing image: 1754783451_Menu_Kofte.png
[2025-08-10 01:56:49] [INFO] Searching for image: Menu Kofte Menus food meal dish cuisine
[2025-08-10 01:56:52] [INFO] Downloading image from: https://source.unsplash.com/800x600/?Menu+Kofte+Menus+food+meal+dish+cuisine
[2025-08-10 01:56:53] [ERROR] Image download error: Failed to download image
[2025-08-10 01:56:53] [ERROR] Failed to download image for: Menu Kofte
[2025-08-10 01:56:53] [INFO] Processing meal: Menu Maxi Cheese Burger (ID: 94)
[2025-08-10 01:56:53] [INFO] Backed up existing image: 1754783451_Menu_Maxi_Cheese_Burger.png
[2025-08-10 01:56:53] [INFO] Searching for image: Menu Maxi Cheese Burger Menus food meal dish cuisine
[2025-08-10 01:56:56] [INFO] Downloading image from: https://source.unsplash.com/800x600/?Menu+Maxi+Cheese+Burger+Menus+food+meal+dish+cuisine
[2025-08-10 01:56:58] [ERROR] Image download error: Failed to download image
[2025-08-10 01:56:58] [ERROR] Failed to download image for: Menu Maxi Cheese Burger
[2025-08-10 01:56:58] [INFO] Processing meal: Menu Maxi Galette Kebab (ID: 95)
[2025-08-10 01:56:58] [INFO] Backed up existing image: 1754783451_Menu_Maxi_Galette_Kebab.png
[2025-08-10 01:56:58] [INFO] Searching for image: Menu Maxi Galette Kebab Menus food meal dish cuisine
[2025-08-10 01:57:01] [INFO] Downloading image from: https://source.unsplash.com/800x600/?Menu+Maxi+Galette+Kebab+Menus+food+meal+dish+cuisine
[2025-08-10 01:57:02] [ERROR] Image download error: Failed to download image
[2025-08-10 01:57:02] [ERROR] Failed to download image for: Menu Maxi Galette Kebab
[2025-08-10 01:57:02] [INFO] Processing meal: Menu Maxi Kebab (ID: 96)
[2025-08-10 01:57:02] [INFO] Backed up existing image: 1754783451_Menu_Maxi_Kebab.png
[2025-08-10 01:57:02] [INFO] Searching for image: Menu Maxi Kebab Menus food meal dish cuisine
[2025-08-10 01:57:05] [INFO] Downloading image from: https://source.unsplash.com/800x600/?Menu+Maxi+Kebab+Menus+food+meal+dish+cuisine
[2025-08-10 01:57:06] [ERROR] Image download error: Failed to download image
[2025-08-10 01:57:06] [ERROR] Failed to download image for: Menu Maxi Kebab
[2025-08-10 01:57:06] [INFO] Processing meal: Menu Maxi Tacos 999g (ID: 97)
[2025-08-10 01:57:06] [INFO] Backed up existing image: 1754783451_Menu_Maxi_Tacos_999g.png
[2025-08-10 01:57:06] [INFO] Searching for image: Menu Maxi Tacos 999g Menus food meal dish cuisine
[2025-08-10 01:57:09] [INFO] Downloading image from: https://source.unsplash.com/800x600/?Menu+Maxi+Tacos+999g+Menus+food+meal+dish+cuisine
[2025-08-10 01:57:11] [ERROR] Image download error: Failed to download image
[2025-08-10 01:57:11] [ERROR] Failed to download image for: Menu Maxi Tacos 999g
[2025-08-10 01:57:11] [INFO] Processing meal: Menu Paninis (ID: 98)
[2025-08-10 01:57:11] [INFO] Backed up existing image: 1754783451_Menu_Paninis.png
[2025-08-10 01:57:11] [INFO] Searching for image: Menu Paninis Menus food meal dish cuisine
[2025-08-10 01:57:13] [INFO] Downloading image from: https://source.unsplash.com/800x600/?Menu+Paninis+Menus+food+meal+dish+cuisine
[2025-08-10 01:57:15] [ERROR] Image download error: Failed to download image
[2025-08-10 01:57:15] [ERROR] Failed to download image for: Menu Paninis
[2025-08-10 01:57:15] [INFO] Processing meal: Menu Tacos (ID: 99)
[2025-08-10 01:57:15] [INFO] Backed up existing image: 1754783451_Menu_Tacos.png
[2025-08-10 01:57:15] [INFO] Searching for image: Menu Tacos Menus food meal dish cuisine
[2025-08-10 01:57:18] [INFO] Downloading image from: https://source.unsplash.com/800x600/?Menu+Tacos+Menus+food+meal+dish+cuisine
[2025-08-10 01:57:19] [ERROR] Image download error: Failed to download image
[2025-08-10 01:57:19] [ERROR] Failed to download image for: Menu Tacos
[2025-08-10 01:57:19] [INFO] Processing meal: Menu Tacos Mixte (ID: 100)
[2025-08-10 01:57:19] [INFO] Backed up existing image: 1754783451_Menu_Tacos_Mixte.png
[2025-08-10 01:57:19] [INFO] Searching for image: Menu Tacos Mixte Menus food meal dish cuisine
[2025-08-10 01:57:22] [INFO] Downloading image from: https://source.unsplash.com/800x600/?Menu+Tacos+Mixte+Menus+food+meal+dish+cuisine
[2025-08-10 01:57:24] [ERROR] Image download error: Failed to download image
[2025-08-10 01:57:24] [ERROR] Failed to download image for: Menu Tacos Mixte
[2025-08-10 01:57:24] [INFO] Processing meal: Assiette KOBANE (kebab kofte tenders) (ID: 101)
[2025-08-10 01:57:24] [INFO] Backed up existing image: 1754783451_Assiette_KOBANE__kebab_kofte_tenders_.png
[2025-08-10 01:57:24] [INFO] Searching for image: Assiette KOBANE  kebab kofte tenders Assiettes food meal dish cuisine
[2025-08-10 01:57:28] [INFO] Downloading image from: https://source.unsplash.com/800x600/?Assiette+KOBANE++kebab+kofte+tenders+Assiettes+food+meal+dish+cuisine
[2025-08-10 01:57:29] [ERROR] Image download error: Failed to download image
[2025-08-10 01:57:29] [ERROR] Failed to download image for: Assiette KOBANE (kebab kofte tenders)
[2025-08-10 01:57:29] [INFO] Processing meal: Assiette Kebab (ID: 102)
[2025-08-10 01:57:29] [INFO] Backed up existing image: 1754783451_Assiette_Kebab.png
[2025-08-10 01:57:29] [INFO] Searching for image: Assiette Kebab Assiettes food meal dish cuisine
[2025-08-10 01:57:32] [INFO] Downloading image from: https://source.unsplash.com/800x600/?Assiette+Kebab+Assiettes+food+meal+dish+cuisine
[2025-08-10 01:57:33] [ERROR] Image download error: Failed to download image
[2025-08-10 01:57:33] [ERROR] Failed to download image for: Assiette Kebab
[2025-08-10 01:57:33] [INFO] Processing meal: Assiette Kofte (ID: 103)
[2025-08-10 01:57:33] [INFO] Backed up existing image: 1754783452_Assiette_Kofte.png
[2025-08-10 01:57:33] [INFO] Searching for image: Assiette Kofte Assiettes food meal dish cuisine
[2025-08-10 01:57:35] [INFO] Downloading image from: https://source.unsplash.com/800x600/?Assiette+Kofte+Assiettes+food+meal+dish+cuisine
[2025-08-10 01:57:37] [ERROR] Image download error: Failed to download image
[2025-08-10 01:57:37] [ERROR] Failed to download image for: Assiette Kofte
[2025-08-10 01:57:37] [INFO] Processing meal: Assiette Poulet Crème (ID: 104)
[2025-08-10 01:57:37] [INFO] Backed up existing image: 1754783452_Assiette_Poulet_Cr__me.png
[2025-08-10 01:57:37] [INFO] Searching for image: Assiette Poulet Cr  me Assiettes food meal dish cuisine
[2025-08-10 01:57:41] [INFO] Downloading image from: https://source.unsplash.com/800x600/?Assiette+Poulet+Cr++me+Assiettes+food+meal+dish+cuisine
[2025-08-10 01:57:42] [ERROR] Image download error: Failed to download image
[2025-08-10 01:57:42] [ERROR] Failed to download image for: Assiette Poulet Crème
[2025-08-10 01:57:42] [INFO] Processing meal: Assiette Saumon (ID: 105)
[2025-08-10 01:57:42] [INFO] Backed up existing image: 1754783452_Assiette_Saumon.png
[2025-08-10 01:57:42] [INFO] Searching for image: Assiette Saumon Assiettes food meal dish cuisine
[2025-08-10 01:57:46] [INFO] Downloading image from: https://source.unsplash.com/800x600/?Assiette+Saumon+Assiettes+food+meal+dish+cuisine
[2025-08-10 01:57:47] [ERROR] Image download error: Failed to download image
[2025-08-10 01:57:47] [ERROR] Failed to download image for: Assiette Saumon
[2025-08-10 01:57:47] [INFO] Processing meal: Assiette Steak (ID: 106)
[2025-08-10 01:57:47] [INFO] Backed up existing image: 1754783452_Assiette_Steak.png
[2025-08-10 01:57:47] [INFO] Searching for image: Assiette Steak Assiettes food meal dish cuisine
[2025-08-10 01:57:50] [INFO] Downloading image from: https://source.unsplash.com/800x600/?Assiette+Steak+Assiettes+food+meal+dish+cuisine
[2025-08-10 01:57:51] [ERROR] Image download error: Failed to download image
[2025-08-10 01:57:51] [ERROR] Failed to download image for: Assiette Steak
[2025-08-10 01:57:51] [INFO] Processing meal: Menu Enfant (ID: 107)
[2025-08-10 01:57:51] [INFO] Backed up existing image: 1754783452_Menu_Enfant.png
[2025-08-10 01:57:51] [INFO] Searching for image: Menu Enfant Menus Enfant food meal dish cuisine
[2025-08-10 01:57:54] [INFO] Downloading image from: https://source.unsplash.com/800x600/?Menu+Enfant+Menus+Enfant+food+meal+dish+cuisine
[2025-08-10 01:57:55] [ERROR] Image download error: Failed to download image
[2025-08-10 01:57:55] [ERROR] Failed to download image for: Menu Enfant
[2025-08-10 01:57:55] [INFO] Processing meal: KEBAB (ID: 108)
[2025-08-10 01:57:55] [INFO] Backed up existing image: 1754783452_KEBAB.png
[2025-08-10 01:57:55] [INFO] Searching for image: KEBAB Assiettes food meal dish cuisine
[2025-08-10 01:57:59] [INFO] Downloading image from: https://source.unsplash.com/800x600/?KEBAB+Assiettes+food+meal+dish+cuisine
[2025-08-10 01:58:00] [ERROR] Image download error: Failed to download image
[2025-08-10 01:58:00] [ERROR] Failed to download image for: KEBAB
[2025-08-10 01:58:00] [INFO] Processing meal: POULET (ID: 109)
[2025-08-10 01:58:00] [INFO] Backed up existing image: 1754783452_POULET.png
[2025-08-10 01:58:00] [INFO] Searching for image: POULET Assiettes food meal dish cuisine
[2025-08-10 01:58:03] [INFO] Downloading image from: https://source.unsplash.com/800x600/?POULET+Assiettes+food+meal+dish+cuisine
[2025-08-10 01:58:04] [ERROR] Image download error: Failed to download image
[2025-08-10 01:58:04] [ERROR] Failed to download image for: POULET
[2025-08-10 01:58:04] [INFO] Processing meal: SAUMON (ID: 110)
[2025-08-10 01:58:04] [INFO] Backed up existing image: 1754783452_SAUMON.png
[2025-08-10 01:58:04] [INFO] Searching for image: SAUMON Assiettes food meal dish cuisine
[2025-08-10 01:58:07] [INFO] Downloading image from: https://source.unsplash.com/800x600/?SAUMON+Assiettes+food+meal+dish+cuisine
[2025-08-10 01:58:09] [ERROR] Image download error: Failed to download image
[2025-08-10 01:58:09] [ERROR] Failed to download image for: SAUMON
[2025-08-10 01:58:09] [INFO] Processing meal: KOFTE (ID: 111)
[2025-08-10 01:58:09] [INFO] Backed up existing image: 1754783452_KOFTE.png
[2025-08-10 01:58:09] [INFO] Searching for image: KOFTE Assiettes food meal dish cuisine
[2025-08-10 01:58:11] [INFO] Downloading image from: https://source.unsplash.com/800x600/?KOFTE+Assiettes+food+meal+dish+cuisine
[2025-08-10 01:58:13] [ERROR] Image download error: Failed to download image
[2025-08-10 01:58:13] [ERROR] Failed to download image for: KOFTE
[2025-08-10 01:58:13] [INFO] Processing meal: STEAK (ID: 112)
[2025-08-10 01:58:13] [INFO] Backed up existing image: 1754783452_STEAK.png
[2025-08-10 01:58:13] [INFO] Searching for image: STEAK Assiettes food meal dish cuisine
[2025-08-10 01:58:16] [INFO] Downloading image from: https://source.unsplash.com/800x600/?STEAK+Assiettes+food+meal+dish+cuisine
[2025-08-10 01:58:17] [ERROR] Image download error: Failed to download image
[2025-08-10 01:58:17] [ERROR] Failed to download image for: STEAK
[2025-08-10 01:58:17] [INFO] Processing meal: KING (ID: 113)
[2025-08-10 01:58:17] [INFO] Backed up existing image: 1754783452_KING.png
[2025-08-10 01:58:17] [INFO] Searching for image: KING Assiettes food meal dish cuisine
[2025-08-10 01:58:20] [INFO] Downloading image from: https://source.unsplash.com/800x600/?KING+Assiettes+food+meal+dish+cuisine
[2025-08-10 01:58:21] [ERROR] Image download error: Failed to download image
[2025-08-10 01:58:21] [ERROR] Failed to download image for: KING
[2025-08-10 01:58:21] [INFO] Processing meal: FALAFEL (ID: 114)
[2025-08-10 01:58:21] [INFO] Backed up existing image: 1754783452_FALAFEL.png
[2025-08-10 01:58:21] [INFO] Searching for image: FALAFEL Salade food meal dish cuisine
[2025-08-10 01:58:24] [INFO] Downloading image from: https://source.unsplash.com/800x600/?FALAFEL+Salade+food+meal+dish+cuisine
[2025-08-10 01:58:25] [ERROR] Image download error: Failed to download image
[2025-08-10 01:58:25] [ERROR] Failed to download image for: FALAFEL
[2025-08-10 01:58:25] [INFO] Processing meal: FETA (ID: 115)
[2025-08-10 01:58:25] [INFO] Backed up existing image: 1754783452_FETA.png
[2025-08-10 01:58:25] [INFO] Searching for image: FETA Salade food meal dish cuisine
[2025-08-10 01:58:28] [INFO] Downloading image from: https://source.unsplash.com/800x600/?FETA+Salade+food+meal+dish+cuisine
[2025-08-10 01:58:30] [ERROR] Image download error: Failed to download image
[2025-08-10 01:58:30] [ERROR] Failed to download image for: FETA
[2025-08-10 01:58:30] [INFO] Processing meal: THON (ID: 116)
[2025-08-10 01:58:30] [INFO] Backed up existing image: 1754783452_THON.png
[2025-08-10 01:58:30] [INFO] Searching for image: THON Salade food meal dish cuisine
[2025-08-10 01:58:34] [INFO] Downloading image from: https://source.unsplash.com/800x600/?THON+Salade+food+meal+dish+cuisine
[2025-08-10 01:58:35] [ERROR] Image download error: Failed to download image
[2025-08-10 01:58:35] [ERROR] Failed to download image for: THON
[2025-08-10 01:58:35] [INFO] Processing meal: TENDERS (ID: 117)
[2025-08-10 01:58:35] [INFO] Backed up existing image: 1754783452_TENDERS.png
[2025-08-10 01:58:35] [INFO] Searching for image: TENDERS Salade food meal dish cuisine
[2025-08-10 01:58:38] [INFO] Downloading image from: https://source.unsplash.com/800x600/?TENDERS+Salade+food+meal+dish+cuisine
[2025-08-10 01:58:40] [ERROR] Image download error: Failed to download image
[2025-08-10 01:58:40] [ERROR] Failed to download image for: TENDERS
[2025-08-10 01:58:40] [INFO] Processing meal: FROMAGE (ID: 118)
[2025-08-10 01:58:40] [INFO] Backed up existing image: 1754783452_FROMAGE.png
[2025-08-10 01:58:40] [INFO] Searching for image: FROMAGE Tacos food meal dish cuisine
[2025-08-10 01:58:43] [INFO] Downloading image from: https://source.unsplash.com/800x600/?FROMAGE+Tacos+food+meal+dish+cuisine
[2025-08-10 01:58:44] [ERROR] Image download error: Failed to download image
[2025-08-10 01:58:44] [ERROR] Failed to download image for: FROMAGE
[2025-08-10 01:58:44] [INFO] Processing meal: FALAFEL (ID: 119)
[2025-08-10 01:58:44] [INFO] Backed up existing image: 1754783453_FALAFEL.png
[2025-08-10 01:58:44] [INFO] Searching for image: FALAFEL Tacos food meal dish cuisine
[2025-08-10 01:58:46] [INFO] Downloading image from: https://source.unsplash.com/800x600/?FALAFEL+Tacos+food+meal+dish+cuisine
[2025-08-10 01:58:47] [ERROR] Image download error: Failed to download image
[2025-08-10 01:58:47] [ERROR] Failed to download image for: FALAFEL
[2025-08-10 01:58:47] [INFO] Processing meal: TACOS SOFT (ID: 120)
[2025-08-10 01:58:47] [INFO] Backed up existing image: 1754783453_TACOS_SOFT.png
[2025-08-10 01:58:47] [INFO] Searching for image: TACOS SOFT Tacos food meal dish cuisine
[2025-08-10 01:58:51] [INFO] Downloading image from: https://source.unsplash.com/800x600/?TACOS+SOFT+Tacos+food+meal+dish+cuisine
[2025-08-10 01:58:53] [ERROR] Image download error: Failed to download image
[2025-08-10 01:58:53] [ERROR] Failed to download image for: TACOS SOFT
[2025-08-10 01:58:53] [INFO] Processing meal: BELGE (ID: 121)
[2025-08-10 01:58:53] [INFO] Backed up existing image: 1754783453_BELGE.png
[2025-08-10 01:58:53] [INFO] Searching for image: BELGE Tacos food meal dish cuisine
[2025-08-10 01:58:55] [INFO] Downloading image from: https://source.unsplash.com/800x600/?BELGE+Tacos+food+meal+dish+cuisine
[2025-08-10 01:58:57] [ERROR] Image download error: Failed to download image
[2025-08-10 01:58:57] [ERROR] Failed to download image for: BELGE
[2025-08-10 01:58:57] [INFO] Processing meal: TACOS FALAFEL (ID: 122)
[2025-08-10 01:58:57] [INFO] Backed up existing image: 1754783453_TACOS_FALAFEL.png
[2025-08-10 01:58:57] [INFO] Searching for image: TACOS FALAFEL Tacos food meal dish cuisine
[2025-08-10 01:59:00] [INFO] Downloading image from: https://source.unsplash.com/800x600/?TACOS+FALAFEL+Tacos+food+meal+dish+cuisine
[2025-08-10 01:59:01] [ERROR] Image download error: Failed to download image
[2025-08-10 01:59:01] [ERROR] Failed to download image for: TACOS FALAFEL
[2025-08-10 01:59:01] [INFO] Processing meal: COMPOTE + CAPRISUN + JOUET (ID: 123)
[2025-08-10 01:59:01] [INFO] Backed up existing image: 1754783453_COMPOTE___CAPRISUN___JOUET.png
[2025-08-10 01:59:01] [INFO] Searching for image: COMPOTE   CAPRISUN   JOUET Menus Enfant food meal dish cuisine
[2025-08-10 01:59:04] [INFO] Downloading image from: https://source.unsplash.com/800x600/?COMPOTE+++CAPRISUN+++JOUET+Menus+Enfant+food+meal+dish+cuisine
[2025-08-10 01:59:05] [ERROR] Image download error: Failed to download image
[2025-08-10 01:59:05] [ERROR] Failed to download image for: COMPOTE + CAPRISUN + JOUET
[2025-08-10 01:59:05] [INFO] Processing meal: BURGER + FRITES (ID: 124)
[2025-08-10 01:59:05] [INFO] Backed up existing image: 1754783453_BURGER___FRITES.png
[2025-08-10 01:59:05] [INFO] Searching for image: BURGER   FRITES Menus Enfant food meal dish cuisine
[2025-08-10 01:59:07] [INFO] Downloading image from: https://source.unsplash.com/800x600/?BURGER+++FRITES+Menus+Enfant+food+meal+dish+cuisine
[2025-08-10 01:59:09] [ERROR] Image download error: Failed to download image
[2025-08-10 01:59:09] [ERROR] Failed to download image for: BURGER + FRITES
[2025-08-10 01:59:09] [INFO] Processing meal: NUGGETS + FRITES (ID: 125)
[2025-08-10 01:59:09] [INFO] Backed up existing image: 1754783453_NUGGETS___FRITES.png
[2025-08-10 01:59:09] [INFO] Searching for image: NUGGETS   FRITES Menus Enfant food meal dish cuisine
[2025-08-10 01:59:11] [INFO] Downloading image from: https://source.unsplash.com/800x600/?NUGGETS+++FRITES+Menus+Enfant+food+meal+dish+cuisine
[2025-08-10 01:59:13] [ERROR] Image download error: Failed to download image
[2025-08-10 01:59:13] [ERROR] Failed to download image for: NUGGETS + FRITES
[2025-08-10 01:59:13] [INFO] Processing meal: VIANDE KEBAB + FRITES (ID: 126)
[2025-08-10 01:59:13] [INFO] Backed up existing image: 1754783453_VIANDE_KEBAB___FRITES.png
[2025-08-10 01:59:13] [INFO] Searching for image: VIANDE KEBAB   FRITES Menus Enfant food meal dish cuisine
[2025-08-10 01:59:16] [INFO] Downloading image from: https://source.unsplash.com/800x600/?VIANDE+KEBAB+++FRITES+Menus+Enfant+food+meal+dish+cuisine
[2025-08-10 01:59:17] [ERROR] Image download error: Failed to download image
[2025-08-10 01:59:17] [ERROR] Failed to download image for: VIANDE KEBAB + FRITES
[2025-08-10 01:59:17] [INFO] Processing meal: KEBAB (ID: 127)
[2025-08-10 01:59:17] [INFO] Backed up existing image: 1754783453_KEBAB.png
[2025-08-10 01:59:17] [INFO] Searching for image: KEBAB Sandwichs food meal dish cuisine
[2025-08-10 01:59:21] [INFO] Downloading image from: https://source.unsplash.com/800x600/?KEBAB+Sandwichs+food+meal+dish+cuisine
[2025-08-10 01:59:22] [ERROR] Image download error: Failed to download image
[2025-08-10 01:59:22] [ERROR] Failed to download image for: KEBAB
[2025-08-10 01:59:22] [INFO] Processing meal: MAXI KEBAB (ID: 128)
[2025-08-10 01:59:22] [INFO] Backed up existing image: 1754783453_MAXI_KEBAB.png
[2025-08-10 01:59:22] [INFO] Searching for image: MAXI KEBAB Sandwichs food meal dish cuisine
[2025-08-10 01:59:24] [INFO] Downloading image from: https://source.unsplash.com/800x600/?MAXI+KEBAB+Sandwichs+food+meal+dish+cuisine
[2025-08-10 01:59:26] [ERROR] Image download error: Failed to download image
[2025-08-10 01:59:26] [ERROR] Failed to download image for: MAXI KEBAB
[2025-08-10 01:59:26] [INFO] Processing meal: GALETTE (VIANDE AU CHOIX) (ID: 129)
[2025-08-10 01:59:26] [INFO] Backed up existing image: 1754783453_GALETTE__VIANDE_AU_CHOIX_.png
[2025-08-10 01:59:26] [INFO] Searching for image: GALETTE  VIANDE AU CHOIX Sandwichs food meal dish cuisine
[2025-08-10 01:59:28] [INFO] Downloading image from: https://source.unsplash.com/800x600/?GALETTE++VIANDE+AU+CHOIX+Sandwichs+food+meal+dish+cuisine
[2025-08-10 01:59:30] [ERROR] Image download error: Failed to download image
[2025-08-10 01:59:30] [ERROR] Failed to download image for: GALETTE (VIANDE AU CHOIX)
[2025-08-10 01:59:30] [INFO] Processing meal: MAXI GALETTE (VIANDE AU CHOIX) (ID: 130)
[2025-08-10 01:59:30] [INFO] Backed up existing image: 1754783453_MAXI_GALETTE__VIANDE_AU_CHOIX_.png
[2025-08-10 01:59:30] [INFO] Searching for image: MAXI GALETTE  VIANDE AU CHOIX Sandwichs food meal dish cuisine
[2025-08-10 01:59:32] [INFO] Downloading image from: https://source.unsplash.com/800x600/?MAXI+GALETTE++VIANDE+AU+CHOIX+Sandwichs+food+meal+dish+cuisine
[2025-08-10 01:59:34] [ERROR] Image download error: Failed to download image
[2025-08-10 01:59:34] [ERROR] Failed to download image for: MAXI GALETTE (VIANDE AU CHOIX)
[2025-08-10 01:59:34] [INFO] Processing meal: AMERICAIN (ID: 131)
[2025-08-10 01:59:34] [INFO] Backed up existing image: 1754783453_AMERICAIN.png
[2025-08-10 01:59:34] [INFO] Searching for image: AMERICAIN Sandwichs food meal dish cuisine
[2025-08-10 01:59:37] [INFO] Downloading image from: https://source.unsplash.com/800x600/?AMERICAIN+Sandwichs+food+meal+dish+cuisine
[2025-08-10 01:59:38] [ERROR] Image download error: Failed to download image
[2025-08-10 01:59:38] [ERROR] Failed to download image for: AMERICAIN
[2025-08-10 01:59:38] [INFO] Processing meal: KOFTE (ID: 132)
[2025-08-10 01:59:38] [INFO] Backed up existing image: 1754783454_KOFTE.png
[2025-08-10 01:59:38] [INFO] Searching for image: KOFTE Sandwichs food meal dish cuisine
[2025-08-10 01:59:41] [INFO] Downloading image from: https://source.unsplash.com/800x600/?KOFTE+Sandwichs+food+meal+dish+cuisine
[2025-08-10 01:59:42] [ERROR] Image download error: Failed to download image
[2025-08-10 01:59:42] [ERROR] Failed to download image for: KOFTE
[2025-08-10 01:59:42] [INFO] Processing meal: PANINI (VIANDE AU CHOIX) (ID: 133)
[2025-08-10 01:59:42] [INFO] Backed up existing image: 1754783454_PANINI__VIANDE_AU_CHOIX_.png
[2025-08-10 01:59:42] [INFO] Searching for image: PANINI  VIANDE AU CHOIX Sandwichs food meal dish cuisine
[2025-08-10 01:59:44] [INFO] Downloading image from: https://source.unsplash.com/800x600/?PANINI++VIANDE+AU+CHOIX+Sandwichs+food+meal+dish+cuisine
[2025-08-10 01:59:46] [ERROR] Image download error: Failed to download image
[2025-08-10 01:59:46] [ERROR] Failed to download image for: PANINI (VIANDE AU CHOIX)
[2025-08-10 01:59:46] [INFO] Processing meal: PETITE FRITE (ID: 134)
[2025-08-10 01:59:46] [INFO] Backed up existing image: 1754783454_PETITE_FRITE.png
[2025-08-10 01:59:46] [INFO] Searching for image: PETITE FRITE Assiettes food meal dish cuisine
[2025-08-10 01:59:49] [INFO] Downloading image from: https://source.unsplash.com/800x600/?PETITE+FRITE+Assiettes+food+meal+dish+cuisine
[2025-08-10 01:59:50] [ERROR] Image download error: Failed to download image
[2025-08-10 01:59:50] [ERROR] Failed to download image for: PETITE FRITE
[2025-08-10 01:59:50] [INFO] Processing meal: GRANDE FRITE (ID: 135)
[2025-08-10 01:59:50] [INFO] Backed up existing image: 1754783454_GRANDE_FRITE.png
[2025-08-10 01:59:50] [INFO] Searching for image: GRANDE FRITE Assiettes food meal dish cuisine
[2025-08-10 01:59:53] [INFO] Downloading image from: https://source.unsplash.com/800x600/?GRANDE+FRITE+Assiettes+food+meal+dish+cuisine
[2025-08-10 01:59:54] [ERROR] Image download error: Failed to download image
[2025-08-10 01:59:54] [ERROR] Failed to download image for: GRANDE FRITE
[2025-08-10 01:59:54] [INFO] Processing meal: PETITE VIANDE (ID: 136)
[2025-08-10 01:59:54] [INFO] Backed up existing image: 1754783454_PETITE_VIANDE.png
[2025-08-10 01:59:54] [INFO] Searching for image: PETITE VIANDE Assiettes food meal dish cuisine
[2025-08-10 01:59:56] [INFO] Downloading image from: https://source.unsplash.com/800x600/?PETITE+VIANDE+Assiettes+food+meal+dish+cuisine
[2025-08-10 01:59:58] [ERROR] Image download error: Failed to download image
[2025-08-10 01:59:58] [ERROR] Failed to download image for: PETITE VIANDE
[2025-08-10 01:59:58] [INFO] Processing meal: GRANDE VIANDE (ID: 137)
[2025-08-10 01:59:58] [INFO] Backed up existing image: 1754783454_GRANDE_VIANDE.png
[2025-08-10 01:59:58] [INFO] Searching for image: GRANDE VIANDE Assiettes food meal dish cuisine
[2025-08-10 02:00:00] [INFO] Downloading image from: https://source.unsplash.com/800x600/?GRANDE+VIANDE+Assiettes+food+meal+dish+cuisine
[2025-08-10 02:00:02] [ERROR] Image download error: Failed to download image
[2025-08-10 02:00:02] [ERROR] Failed to download image for: GRANDE VIANDE
[2025-08-10 02:00:02] [INFO] Processing meal: TACOS (1 VIANDE AU CHOIX) (ID: 138)
[2025-08-10 02:00:02] [INFO] Backed up existing image: 1754783454_TACOS__1_VIANDE_AU_CHOIX_.png
[2025-08-10 02:00:02] [INFO] Searching for image: TACOS  1 VIANDE AU CHOIX Tacos food meal dish cuisine
[2025-08-10 02:00:06] [INFO] Downloading image from: https://source.unsplash.com/800x600/?TACOS++1+VIANDE+AU+CHOIX+Tacos+food+meal+dish+cuisine
[2025-08-10 02:00:07] [ERROR] Image download error: Failed to download image
[2025-08-10 02:00:07] [ERROR] Failed to download image for: TACOS (1 VIANDE AU CHOIX)
[2025-08-10 02:00:07] [INFO] Processing meal: TACOS MIXTE (2 VIANDES AU CHOIX) (ID: 139)
[2025-08-10 02:00:07] [INFO] Backed up existing image: 1754783454_TACOS_MIXTE__2_VIANDES_AU_CHOIX_.png
[2025-08-10 02:00:07] [INFO] Searching for image: TACOS MIXTE  2 VIANDES AU CHOIX Tacos food meal dish cuisine
[2025-08-10 02:00:10] [INFO] Downloading image from: https://source.unsplash.com/800x600/?TACOS+MIXTE++2+VIANDES+AU+CHOIX+Tacos+food+meal+dish+cuisine
[2025-08-10 02:00:11] [ERROR] Image download error: Failed to download image
[2025-08-10 02:00:11] [ERROR] Failed to download image for: TACOS MIXTE (2 VIANDES AU CHOIX)
[2025-08-10 02:00:11] [INFO] Processing meal: MEGA TACOS (1 VIANDE AU CHOIX) (ID: 140)
[2025-08-10 02:00:11] [INFO] Backed up existing image: 1754783454_MEGA_TACOS__1_VIANDE_AU_CHOIX_.png
[2025-08-10 02:00:11] [INFO] Searching for image: MEGA TACOS  1 VIANDE AU CHOIX Tacos food meal dish cuisine
[2025-08-10 02:00:13] [INFO] Downloading image from: https://source.unsplash.com/800x600/?MEGA+TACOS++1+VIANDE+AU+CHOIX+Tacos+food+meal+dish+cuisine
[2025-08-10 02:00:15] [ERROR] Image download error: Failed to download image
[2025-08-10 02:00:15] [ERROR] Failed to download image for: MEGA TACOS (1 VIANDE AU CHOIX)
[2025-08-10 02:00:15] [INFO] Processing meal: MEGA TACOS MIXTE (2 VIANDES AU CHOIX) (ID: 141)
[2025-08-10 02:00:15] [INFO] Backed up existing image: 1754783454_MEGA_TACOS_MIXTE__2_VIANDES_AU_CHOIX_.png
[2025-08-10 02:00:15] [INFO] Searching for image: MEGA TACOS MIXTE  2 VIANDES AU CHOIX Tacos food meal dish cuisine
[2025-08-10 02:00:17] [INFO] Downloading image from: https://source.unsplash.com/800x600/?MEGA+TACOS+MIXTE++2+VIANDES+AU+CHOIX+Tacos+food+meal+dish+cuisine
[2025-08-10 02:00:19] [ERROR] Image download error: Failed to download image
[2025-08-10 02:00:19] [ERROR] Failed to download image for: MEGA TACOS MIXTE (2 VIANDES AU CHOIX)
[2025-08-10 02:00:19] [INFO] Processing meal: CHEESE BURGER (ID: 142)
[2025-08-10 02:00:19] [INFO] Backed up existing image: 1754783454_CHEESE_BURGER.png
[2025-08-10 02:00:19] [INFO] Searching for image: CHEESE BURGER Burger food meal dish cuisine
[2025-08-10 02:00:21] [INFO] Downloading image from: https://source.unsplash.com/800x600/?CHEESE+BURGER+Burger+food+meal+dish+cuisine
[2025-08-10 02:00:23] [ERROR] Image download error: Failed to download image
[2025-08-10 02:00:23] [ERROR] Failed to download image for: CHEESE BURGER
[2025-08-10 02:00:23] [INFO] Processing meal: DOUBLE CHEESE BURGER (ID: 143)
[2025-08-10 02:00:23] [INFO] Backed up existing image: 1754783454_DOUBLE_CHEESE_BURGER.png
[2025-08-10 02:00:23] [INFO] Searching for image: DOUBLE CHEESE BURGER Burger food meal dish cuisine
[2025-08-10 02:00:25] [INFO] Downloading image from: https://source.unsplash.com/800x600/?DOUBLE+CHEESE+BURGER+Burger+food+meal+dish+cuisine
[2025-08-10 02:00:27] [ERROR] Image download error: Failed to download image
[2025-08-10 02:00:27] [ERROR] Failed to download image for: DOUBLE CHEESE BURGER
[2025-08-10 02:00:27] [INFO] Processing meal: CHICKEN (ID: 144)
[2025-08-10 02:00:27] [INFO] Backed up existing image: 1754783454_CHICKEN.png
[2025-08-10 02:00:27] [INFO] Searching for image: CHICKEN Burger food meal dish cuisine
[2025-08-10 02:00:29] [INFO] Downloading image from: https://source.unsplash.com/800x600/?CHICKEN+Burger+food+meal+dish+cuisine
[2025-08-10 02:00:31] [ERROR] Image download error: Failed to download image
[2025-08-10 02:00:31] [ERROR] Failed to download image for: CHICKEN
[2025-08-10 02:00:31] [INFO] Processing meal: CROUSTY GOURMAND (POULET OU BŒUF) (ID: 145)
[2025-08-10 02:00:31] [INFO] Backed up existing image: 1754783455_CROUSTY_GOURMAND__POULET_OU_B__UF_.png
[2025-08-10 02:00:31] [INFO] Searching for image: CROUSTY GOURMAND  POULET OU B  UF Burger food meal dish cuisine
[2025-08-10 02:00:34] [INFO] Downloading image from: https://source.unsplash.com/800x600/?CROUSTY+GOURMAND++POULET+OU+B++UF+Burger+food+meal+dish+cuisine
[2025-08-10 02:00:35] [ERROR] Image download error: Failed to download image
[2025-08-10 02:00:35] [ERROR] Failed to download image for: CROUSTY GOURMAND (POULET OU BŒUF)
[2025-08-10 02:00:35] [INFO] Processing meal: VEGGIE BURGER (ID: 146)
[2025-08-10 02:00:35] [INFO] Backed up existing image: 1754783455_VEGGIE_BURGER.png
[2025-08-10 02:00:35] [INFO] Searching for image: VEGGIE BURGER Burger food meal dish cuisine
[2025-08-10 02:00:37] [INFO] Downloading image from: https://source.unsplash.com/800x600/?VEGGIE+BURGER+Burger+food+meal+dish+cuisine
[2025-08-10 02:00:39] [ERROR] Image download error: Failed to download image
[2025-08-10 02:00:39] [ERROR] Failed to download image for: VEGGIE BURGER
[2025-08-10 02:00:39] [INFO] Processing meal: LE BIG CHÈVRE (POULET OU BŒUF) (ID: 147)
[2025-08-10 02:00:39] [INFO] Backed up existing image: 1754783455_LE_BIG_CH__VRE__POULET_OU_B__UF_.png
[2025-08-10 02:00:39] [INFO] Searching for image: LE BIG CH  VRE  POULET OU B  UF Burger food meal dish cuisine
[2025-08-10 02:00:41] [INFO] Downloading image from: https://source.unsplash.com/800x600/?LE+BIG+CH++VRE++POULET+OU+B++UF+Burger+food+meal+dish+cuisine
[2025-08-10 02:00:43] [ERROR] Image download error: Failed to download image
[2025-08-10 02:00:43] [ERROR] Failed to download image for: LE BIG CHÈVRE (POULET OU BŒUF)
[2025-08-10 02:00:43] [INFO] Process completed. Success: 0, Errors: 79
